Performing C SOURCE FILE Test CMAKE_HAVE_LIBC_PTHREAD failed with the following output:
Change Dir: /home/hupeng/code_c/github/use_ncnn/build/CMakeFiles/CMakeScratch/TryCompile-fkd2Tc

Run Build Command(s):/usr/bin/make -f Makefile cmTC_5e441/fast && /usr/bin/make  -f CMakeFiles/cmTC_5e441.dir/build.make CMakeFiles/cmTC_5e441.dir/build
make[1]: 进入目录“/home/hupeng/code_c/github/use_ncnn/build/CMakeFiles/CMakeScratch/TryCompile-fkd2Tc”
Building C object CMakeFiles/cmTC_5e441.dir/src.c.o
/usr/bin/cc -DCMAKE_HAVE_LIBC_PTHREAD   -o CMakeFiles/cmTC_5e441.dir/src.c.o -c /home/hupeng/code_c/github/use_ncnn/build/CMakeFiles/CMakeScratch/TryCompile-fkd2Tc/src.c
Linking C executable cmTC_5e441
/usr/bin/cmake -E cmake_link_script CMakeFiles/cmTC_5e441.dir/link.txt --verbose=1
/usr/bin/cc -rdynamic CMakeFiles/cmTC_5e441.dir/src.c.o -o cmTC_5e441 
CMakeFiles/cmTC_5e441.dir/src.c.o：在函数‘main’中：
src.c:(.text+0x3e)：对‘pthread_create’未定义的引用
src.c:(.text+0x4a)：对‘pthread_detach’未定义的引用
src.c:(.text+0x56)：对‘pthread_cancel’未定义的引用
src.c:(.text+0x67)：对‘pthread_join’未定义的引用
src.c:(.text+0x7b)：对‘pthread_atfork’未定义的引用
collect2: error: ld returned 1 exit status
CMakeFiles/cmTC_5e441.dir/build.make:98: recipe for target 'cmTC_5e441' failed
make[1]: *** [cmTC_5e441] Error 1
make[1]: 离开目录“/home/hupeng/code_c/github/use_ncnn/build/CMakeFiles/CMakeScratch/TryCompile-fkd2Tc”
Makefile:127: recipe for target 'cmTC_5e441/fast' failed
make: *** [cmTC_5e441/fast] Error 2


Source file was:
#include <pthread.h>

static void* test_func(void* data)
{
  return data;
}

int main(void)
{
  pthread_t thread;
  pthread_create(&thread, NULL, test_func, NULL);
  pthread_detach(thread);
  pthread_cancel(thread);
  pthread_join(thread, NULL);
  pthread_atfork(NULL, NULL, NULL);
  pthread_exit(NULL);

  return 0;
}


